<?xml version="1.0" encoding="UTF-8"?>
<!-- Generated by org.testng.reporters.JUnitXMLReporter -->
<testsuite hostname="Rohityadav" ignored="0" name="ApiTesting" tests="1" failures="1" timestamp="21 Sep 2018 11:33:51 GMT" time="0.366" errors="0">
  <testcase name="login" time="0.325" classname="draup.token_gen">
    <failure type="java.lang.ExceptionInInitializerError">
      <![CDATA[java.lang.ExceptionInInitializerErrorat org.codehaus.groovy.runtime.InvokerHelper.<clinit>(InvokerHelper.java:66)at org.codehaus.groovy.runtime.ScriptBytecodeAdapter.createMap(ScriptBytecodeAdapter.java:623)at io.restassured.internal.ResponseParserRegistrar.<init>(ResponseParserRegistrar.groovy)at io.restassured.RestAssured.<clinit>(RestAssured.java:346)at draup.token_gen.login(token_gen.java:30)Caused by: groovy.lang.GroovyRuntimeException: Conflicting module versions. Module [groovy-xml is loaded in version 2.4.12 and you are trying to load version 2.4.9at org.codehaus.groovy.runtime.metaclass.MetaClassRegistryImpl$DefaultModuleListener.onModule(MetaClassRegistryImpl.java:513)at org.codehaus.groovy.runtime.m12n.ExtensionModuleScanner.scanExtensionModuleFromProperties(ExtensionModuleScanner.java:80)at org.codehaus.groovy.runtime.m12n.ExtensionModuleScanner.scanExtensionModuleFromMetaInf(ExtensionModuleScanner.java:74)at org.codehaus.groovy.runtime.m12n.ExtensionModuleScanner.scanClasspathModules(ExtensionModuleScanner.java:56)at org.codehaus.groovy.runtime.metaclass.MetaClassRegistryImpl.<init>(MetaClassRegistryImpl.java:113)at org.codehaus.groovy.runtime.metaclass.MetaClassRegistryImpl.<init>(MetaClassRegistryImpl.java:74)at groovy.lang.GroovySystem.<clinit>(GroovySystem.java:36)... 30 more... Removed 25 stack frames]]>
    </failure>
  </testcase> <!-- login -->
</testsuite> <!-- ApiTesting -->
